<?xml version="1.0" encoding="UTF-8"?>
<testsuite name="Ch_04_09_Solution_Before" tests="1" skipped="0" failures="0" errors="0" timestamp="2021-01-26T10:30:05" hostname="Rahuls-MacBook-Air.local" time="30.139">
  <properties/>
  <testcase name="test" classname="Ch_04_09_Solution_Before" time="30.139"/>
  <system-out><![CDATA[]]></system-out>
  <system-err><![CDATA[Jan 26, 2021 4:00:25 PM io.appium.java_client.remote.AppiumCommandExecutor$1 lambda$0
INFO: Detected dialect: W3C
]]></system-err>
</testsuite>
