<?xml version="1.0" encoding="UTF-8"?>
<testsuite name="Ch_04_05_Element_Basics_Before" tests="1" skipped="0" failures="0" errors="0" timestamp="2021-01-26T08:18:19" hostname="Rahuls-MacBook-Air.local" time="42.403">
  <properties/>
  <testcase name="test" classname="Ch_04_05_Element_Basics_Before" time="42.403"/>
  <system-out><![CDATA[]]></system-out>
  <system-err><![CDATA[Jan 26, 2021 1:48:49 PM io.appium.java_client.remote.AppiumCommandExecutor$1 lambda$0
INFO: Detected dialect: W3C
]]></system-err>
</testsuite>
