<?xml version="1.0" encoding="UTF-8"?>
<testsuite name="Ch_04_02_Locator_Strategies_Before" tests="1" skipped="0" failures="0" errors="0" timestamp="2021-01-25T13:52:00" hostname="Rahuls-MacBook-Air.local" time="22.234">
  <properties/>
  <testcase name="test" classname="Ch_04_02_Locator_Strategies_Before" time="22.234"/>
  <system-out><![CDATA[1
]]></system-out>
  <system-err><![CDATA[Jan 25, 2021 7:22:17 PM io.appium.java_client.remote.AppiumCommandExecutor$1 lambda$0
INFO: Detected dialect: W3C
]]></system-err>
</testsuite>
